{"level":"info","message":"GET /contribution/years : admin : SUCCESS : 2025-05-14 15:02:58"}
{"level":"info","message":"GET /beneficiaries/count : admin : SUCCESS : 2025-05-14 15:02:58"}
{"level":"info","message":"GET /categories : admin : SUCCESS : 2025-05-14 15:02:58"}
{"level":"info","message":"GET /contribution/summary?month=undefined&year=undefined : admin : SUCCESS : 2025-05-14 15:02:58"}
{"level":"info","message":"GET /contribution/summary-by-category?categoryId=&month=undefined&year=undefined : admin : SUCCESS : 2025-05-14 15:03:02"}
{"level":"info","message":"GET /beneficiaries/by-delegations : admin : SUCCESS : 2025-05-14 15:03:02"}
{"level":"info","message":"GET /beneficiaries/count : admin : SUCCESS : 2025-05-14 15:03:16"}
{"level":"info","message":"GET /contribution/summary?month=undefined&year=2025 : admin : SUCCESS : 2025-05-14 15:03:17"}
{"level":"info","message":"GET /contribution/summary-by-category?categoryId=&month=undefined&year=2025 : admin : SUCCESS : 2025-05-14 15:03:20"}
{"level":"info","message":"GET /contribution/summary?month=2&year=2025 : admin : SUCCESS : 2025-05-14 15:04:55"}
{"level":"info","message":"GET /beneficiaries/count : admin : SUCCESS : 2025-05-14 15:04:55"}
{"level":"info","message":"GET /contribution/summary-by-category?categoryId=&month=2&year=2025 : admin : SUCCESS : 2025-05-14 15:04:58"}
{"level":"info","message":"GET /beneficiaries/count : admin : SUCCESS : 2025-05-14 15:09:33"}
{"level":"info","message":"GET /contribution/summary?month=undefined&year=undefined : admin : SUCCESS : 2025-05-14 15:09:33"}
{"level":"info","message":"GET /contribution/summary-by-category?categoryId=&month=undefined&year=undefined : admin : SUCCESS : 2025-05-14 15:09:36"}
{"level":"info","message":"GET /contributions/get-all : admin : SUCCESS : 2025-05-14 15:09:40"}
{"level":"info","message":"GET /beneficiaries?page=1&limit=5&sort=createdAt&order=asc&search= : admin : SUCCESS : 2025-05-14 15:10:15"}
{"level":"error","message":"GET /beneficiary/check-curp : admin : ERROR : 2025-05-14 15:10:19 - CastError: Cast to ObjectId failed for value \"check-curp\" (type string) at path \"_id\" for model \"Beneficiary\""}
{"level":"info","message":"GET /beneficiaries?page=1&limit=5&sort=createdAt&order=asc&search= : admin : SUCCESS : 2025-05-14 15:11:56"}
{"level":"error","message":"GET /beneficiary/check-curp : admin : ERROR : 2025-05-14 15:11:59 - CastError: Cast to ObjectId failed for value \"check-curp\" (type string) at path \"_id\" for model \"Beneficiary\""}
{"level":"error","message":"GET /beneficiary/check-curp : admin : ERROR : 2025-05-14 15:14:20 - CastError: Cast to ObjectId failed for value \"check-curp\" (type string) at path \"_id\" for model \"Beneficiary\""}
{"level":"error","message":"GET /beneficiary/check-curp : admin : ERROR : 2025-05-14 15:14:29 - CastError: Cast to ObjectId failed for value \"check-curp\" (type string) at path \"_id\" for model \"Beneficiary\""}
{"level":"error","message":"GET /beneficiary/check-curp : admin : ERROR : 2025-05-14 15:15:12 - CastError: Cast to ObjectId failed for value \"check-curp\" (type string) at path \"_id\" for model \"Beneficiary\""}
{"level":"info","message":"GET /beneficiaries?page=1&limit=5&sort=createdAt&order=asc&search= : admin : SUCCESS : 2025-05-14 15:15:14"}
{"level":"info","message":"GET /beneficiaries?page=1&limit=5&sort=createdAt&order=asc&search= : admin : SUCCESS : 2025-05-14 15:15:17"}
{"level":"error","message":"GET /beneficiary/check-curp : admin : ERROR : 2025-05-14 15:15:24 - CastError: Cast to ObjectId failed for value \"check-curp\" (type string) at path \"_id\" for model \"Beneficiary\""}
{"level":"info","message":"GET /beneficiaries?page=1&limit=5&sort=createdAt&order=asc&search= : admin : SUCCESS : 2025-05-14 15:17:46"}
{"level":"error","message":"GET /beneficiary/check-curp : admin : ERROR : 2025-05-14 15:17:52 - CastError: Cast to ObjectId failed for value \"check-curp\" (type string) at path \"_id\" for model \"Beneficiary\""}
{"level":"info","message":"GET /beneficiaries?page=1&limit=5&sort=createdAt&order=asc&search= : admin : SUCCESS : 2025-05-14 15:18:46"}
{"level":"error","message":"GET /beneficiary/check-curp/RASC050729MMCSHNA2 : admin : ERROR : 2025-05-14 15:18:55 - DATABASE_UNAVAILABLE"}
{"level":"error","message":"GET /beneficiary/check-curp/RASC050729MMCSHNA2 : admin : ERROR : 2025-05-14 15:19:07 - DATABASE_UNAVAILABLE"}
{"level":"info","message":"GET /beneficiary/check-curp/RASC050729MMCSHNA2 : admin : SUCCESS : 2025-05-14 15:21:07"}
{"level":"info","message":"GET /beneficiaries?page=1&limit=5&sort=createdAt&order=asc&search= : admin : SUCCESS : 2025-05-14 15:21:07"}
{"level":"info","message":"GET /beneficiaries?page=1&limit=5&sort=createdAt&order=asc&search= : admin : SUCCESS : 2025-05-14 15:21:08"}
{"level":"info","message":"GET /beneficiary/check-curp/RASC050729MMCSHNA2 : admin : SUCCESS : 2025-05-14 15:21:17"}
{"level":"info","message":"GET /beneficiary/check-curp/RASC050729MMCSHNA2 : admin : SUCCESS : 2025-05-14 15:21:19"}
{"level":"info","message":"GET /beneficiary/check-curp/RASC050729MMCSHNA2 : admin : SUCCESS : 2025-05-14 15:21:21"}
{"level":"info","message":"GET /beneficiaries?page=1&limit=5&sort=createdAt&order=asc&search= : admin : SUCCESS : 2025-05-14 15:21:24"}
{"level":"info","message":"GET /beneficiaries?page=1&limit=5&sort=createdAt&order=asc&search= : admin : SUCCESS : 2025-05-14 15:21:26"}
{"level":"info","message":"GET /beneficiary/check-curp/GOFM800325MBSNTR09 : admin : SUCCESS : 2025-05-14 15:21:32"}
{"level":"info","message":"GET /beneficiaries?page=1&limit=5&sort=createdAt&order=asc&search= : admin : SUCCESS : 2025-05-14 15:22:47"}
{"level":"info","message":"GET /beneficiaries?page=1&limit=5&sort=createdAt&order=asc&search= : admin : SUCCESS : 2025-05-14 15:22:48"}
{"level":"info","message":"GET /beneficiary/check-curp/GOFM800325MBSNTR09 : admin : SUCCESS : 2025-05-14 15:23:35"}
{"level":"info","message":"GET /beneficiaries?page=1&limit=5&sort=createdAt&order=asc&search= : admin : SUCCESS : 2025-05-14 15:23:46"}
{"level":"info","message":"GET /beneficiaries?page=1&limit=5&sort=createdAt&order=asc&search= : admin : SUCCESS : 2025-05-14 15:23:48"}
{"level":"error","message":"POST /user/signin : any : ERROR : 2025-05-14 15:48:14 - NOT_FOUND"}
{"level":"info","message":"GET /contribution/years : admin : SUCCESS : 2025-05-14 15:48:39"}
{"level":"info","message":"GET /beneficiaries/count : admin : SUCCESS : 2025-05-14 15:48:39"}
{"level":"info","message":"GET /categories : admin : SUCCESS : 2025-05-14 15:48:39"}
{"level":"info","message":"GET /contribution/summary?month=undefined&year=undefined : admin : SUCCESS : 2025-05-14 15:48:39"}
{"level":"info","message":"GET /contribution/summary-by-category?categoryId=&month=undefined&year=undefined : admin : SUCCESS : 2025-05-14 15:48:42"}
{"level":"info","message":"GET /beneficiaries/by-delegations : admin : SUCCESS : 2025-05-14 15:48:42"}
{"level":"info","message":"GET /contribution/years : admin : SUCCESS : 2025-05-14 15:51:13"}
{"level":"info","message":"GET /beneficiaries/count : admin : SUCCESS : 2025-05-14 15:51:13"}
{"level":"info","message":"GET /categories : admin : SUCCESS : 2025-05-14 15:51:13"}
{"level":"info","message":"GET /contribution/summary?month=undefined&year=undefined : admin : SUCCESS : 2025-05-14 15:51:14"}
{"level":"info","message":"GET /contribution/summary-by-category?categoryId=&month=undefined&year=undefined : admin : SUCCESS : 2025-05-14 15:51:17"}
{"level":"info","message":"GET /beneficiaries/by-delegations : admin : SUCCESS : 2025-05-14 15:51:17"}
{"level":"info","message":"GET /beneficiaries?page=1&limit=5&sort=createdAt&order=asc&search= : admin : SUCCESS : 2025-05-14 15:53:44"}
{"level":"info","message":"GET /beneficiaries?page=1&limit=15&sort=createdAt&order=asc&search= : admin : SUCCESS : 2025-05-14 15:54:17"}
{"level":"info","message":"GET /beneficiaries?page=1&limit=5&sort=createdAt&order=asc&search= : admin : SUCCESS : 2025-05-14 15:54:26"}
{"level":"info","message":"GET /beneficiaries?page=2&limit=5&sort=createdAt&order=asc&search= : admin : SUCCESS : 2025-05-14 15:54:27"}
{"level":"info","message":"GET /beneficiaries?page=2&limit=5&sort=fatherSurname&order=asc&search= : admin : SUCCESS : 2025-05-14 15:54:34"}
{"level":"info","message":"GET /beneficiaries?page=2&limit=5&sort=fatherSurname&order=desc&search= : admin : SUCCESS : 2025-05-14 15:54:39"}
{"level":"info","message":"GET /beneficiaries?page=2&limit=5&sort=createdAt&order=asc&search= : admin : SUCCESS : 2025-05-14 15:54:44"}
{"level":"info","message":"GET /beneficiaries?page=2&limit=5&sort=age&order=asc&search= : admin : SUCCESS : 2025-05-14 15:54:49"}
{"level":"info","message":"POST /user/signin : admin : SUCCESS : 2025-05-19 11:13:48"}
{"level":"info","message":"GET /contribution/years : admin : SUCCESS : 2025-05-19 11:13:48"}
{"level":"info","message":"GET /beneficiaries/count : admin : SUCCESS : 2025-05-19 11:13:49"}
{"level":"info","message":"GET /categories : admin : SUCCESS : 2025-05-19 11:13:49"}
{"level":"info","message":"GET /contribution/summary-by-category?categoryId=&month=undefined&year=undefined : admin : SUCCESS : 2025-05-19 11:13:52"}
{"level":"info","message":"GET /beneficiaries/by-delegations : admin : SUCCESS : 2025-05-19 11:13:52"}
{"level":"info","message":"GET /contribution/summary?month=undefined&year=undefined : admin : SUCCESS : 2025-05-19 11:13:52"}
{"level":"info","message":"GET /beneficiaries?page=1&limit=5&sort=createdAt&order=asc&search= : admin : SUCCESS : 2025-05-19 11:14:01"}
{"level":"info","message":"GET /beneficiaries?page=1&limit=10&sort=createdAt&order=asc&search= : admin : SUCCESS : 2025-05-19 11:14:08"}
{"level":"info","message":"GET /beneficiaries?page=2&limit=10&sort=createdAt&order=asc&search= : admin : SUCCESS : 2025-05-19 11:14:14"}
{"level":"info","message":"GET /beneficiaries?page=1&limit=10&sort=createdAt&order=asc&search= : admin : SUCCESS : 2025-05-19 11:14:22"}
{"level":"info","message":"GET /beneficiary/681d1f700ba2a934c8047715 : admin : SUCCESS : 2025-05-19 11:14:33"}
{"level":"info","message":"GET /beneficiary/681d1f700ba2a934c8047715/family : admin : SUCCESS : 2025-05-19 11:14:51"}
{"level":"info","message":"GET /categories : admin : SUCCESS : 2025-05-19 11:14:57"}
{"level":"info","message":"GET /beneficiary/681d1f700ba2a934c8047715/family-names : admin : SUCCESS : 2025-05-19 11:14:57"}
{"level":"info","message":"GET /contribution/by-beneficiary/681d1f700ba2a934c8047715 : admin : SUCCESS : 2025-05-19 11:14:58"}
{"level":"info","message":"GET /categories : admin : SUCCESS : 2025-05-19 11:15:24"}
{"level":"info","message":"GET /beneficiary/681d1f700ba2a934c8047715/family-names : admin : SUCCESS : 2025-05-19 11:15:24"}
{"level":"info","message":"GET /contribution/by-beneficiary/681d1f700ba2a934c8047715 : admin : SUCCESS : 2025-05-19 11:15:29"}
{"level":"info","message":"POST /contribution/create : admin : SUCCESS : 2025-05-19 11:16:39"}
{"level":"info","message":"GET /beneficiary/681d1f700ba2a934c8047715 : admin : SUCCESS : 2025-05-19 11:16:39"}
{"level":"info","message":"GET /categories : admin : SUCCESS : 2025-05-19 11:16:39"}
{"level":"info","message":"GET /beneficiary/681d1f700ba2a934c8047715/family-names : admin : SUCCESS : 2025-05-19 11:16:39"}
{"level":"info","message":"GET /contribution/by-beneficiary/681d1f700ba2a934c8047715 : admin : SUCCESS : 2025-05-19 11:16:41"}
{"level":"info","message":"GET /beneficiary/681d1f700ba2a934c8047715/family : admin : SUCCESS : 2025-05-19 11:17:06"}
{"level":"info","message":"POST /user/signin : admin : SUCCESS : 2025-05-19 11:22:58"}
{"level":"info","message":"GET /contribution/years : admin : SUCCESS : 2025-05-19 11:22:59"}
{"level":"info","message":"GET /beneficiaries/count : admin : SUCCESS : 2025-05-19 11:22:59"}
{"level":"info","message":"GET /categories : admin : SUCCESS : 2025-05-19 11:22:59"}
{"level":"info","message":"GET /contribution/summary-by-category?categoryId=&month=undefined&year=undefined : admin : SUCCESS : 2025-05-19 11:23:01"}
{"level":"info","message":"GET /beneficiaries/by-delegations : admin : SUCCESS : 2025-05-19 11:23:02"}
{"level":"info","message":"GET /contribution/summary?month=undefined&year=undefined : admin : SUCCESS : 2025-05-19 11:23:04"}
{"level":"info","message":"GET /beneficiaries?page=1&limit=5&sort=createdAt&order=asc&search= : admin : SUCCESS : 2025-05-19 11:23:10"}
{"level":"info","message":"GET /beneficiary/check-curp/RARO240987HBSMDF00 : admin : SUCCESS : 2025-05-19 11:23:47"}
{"level":"info","message":"POST /beneficiaries/create : admin : SUCCESS : 2025-05-19 11:25:45"}
{"level":"info","message":"GET /beneficiaries?page=1&limit=5&sort=createdAt&order=asc&search= : admin : SUCCESS : 2025-05-19 11:25:47"}
{"level":"info","message":"GET /beneficiaries?page=1&limit=15&sort=createdAt&order=asc&search= : admin : SUCCESS : 2025-05-19 11:25:53"}
{"level":"info","message":"GET /beneficiary/682b69980c63ecbc022e1e3d : admin : SUCCESS : 2025-05-19 11:26:02"}
{"level":"info","message":"PUT /beneficiary/update/682b69980c63ecbc022e1e3d : admin : SUCCESS : 2025-05-19 11:29:00"}
{"level":"info","message":"GET /beneficiary/682b69980c63ecbc022e1e3d : admin : SUCCESS : 2025-05-19 11:29:01"}
{"level":"info","message":"GET /beneficiary/682b69980c63ecbc022e1e3d/family : admin : SUCCESS : 2025-05-19 11:29:03"}
{"level":"info","message":"PUT /beneficiary/update/682b69980c63ecbc022e1e3d : admin : SUCCESS : 2025-05-19 11:29:55"}
{"level":"info","message":"GET /beneficiary/682b69980c63ecbc022e1e3d : admin : SUCCESS : 2025-05-19 11:29:55"}
{"level":"info","message":"GET /contribution/by-beneficiary/682b69980c63ecbc022e1e3d : admin : SUCCESS : 2025-05-19 11:30:10"}
{"level":"info","message":"GET /beneficiary/682b69980c63ecbc022e1e3d/family-names : admin : SUCCESS : 2025-05-19 11:30:10"}
{"level":"info","message":"GET /categories : admin : SUCCESS : 2025-05-19 11:30:10"}
{"level":"info","message":"PUT /beneficiary/update/682b69980c63ecbc022e1e3d : admin : SUCCESS : 2025-05-19 11:30:26"}
{"level":"info","message":"GET /beneficiary/682b69980c63ecbc022e1e3d : admin : SUCCESS : 2025-05-19 11:30:27"}
{"level":"info","message":"GET /contribution/by-beneficiary/682b69980c63ecbc022e1e3d : admin : SUCCESS : 2025-05-19 11:30:27"}
{"level":"info","message":"GET /categories : admin : SUCCESS : 2025-05-19 11:30:27"}
{"level":"info","message":"GET /beneficiary/682b69980c63ecbc022e1e3d/family-names : admin : SUCCESS : 2025-05-19 11:30:27"}
{"level":"info","message":"PUT /beneficiary/update/682b69980c63ecbc022e1e3d : admin : SUCCESS : 2025-05-19 11:31:23"}
{"level":"info","message":"GET /beneficiary/682b69980c63ecbc022e1e3d : admin : SUCCESS : 2025-05-19 11:31:24"}
{"level":"info","message":"GET /beneficiary/682b69980c63ecbc022e1e3d/family : admin : SUCCESS : 2025-05-19 11:31:59"}
{"level":"info","message":"POST /beneficiary/682b69980c63ecbc022e1e3d/family-create : admin : SUCCESS : 2025-05-19 11:32:56"}
{"level":"info","message":"GET /beneficiary/682b69980c63ecbc022e1e3d/family : admin : SUCCESS : 2025-05-19 11:32:57"}
{"level":"info","message":"PUT /beneficiary/update/682b69980c63ecbc022e1e3d : admin : SUCCESS : 2025-05-19 11:33:08"}
{"level":"info","message":"GET /beneficiary/682b69980c63ecbc022e1e3d : admin : SUCCESS : 2025-05-19 11:33:09"}
{"level":"info","message":"PUT /beneficiary/update/682b69980c63ecbc022e1e3d : admin : SUCCESS : 2025-05-19 11:34:23"}
{"level":"info","message":"GET /beneficiary/682b69980c63ecbc022e1e3d : admin : SUCCESS : 2025-05-19 11:34:23"}
{"level":"info","message":"GET /beneficiary/682b69980c63ecbc022e1e3d/family : admin : SUCCESS : 2025-05-19 11:34:27"}
{"level":"info","message":"GET /contribution/by-beneficiary/682b69980c63ecbc022e1e3d : admin : SUCCESS : 2025-05-19 11:38:09"}
{"level":"info","message":"GET /categories : admin : SUCCESS : 2025-05-19 11:38:13"}
{"level":"info","message":"GET /beneficiary/682b69980c63ecbc022e1e3d/family-names : admin : SUCCESS : 2025-05-19 11:38:13"}
{"level":"info","message":"GET /contribution/by-beneficiary/682b69980c63ecbc022e1e3d/export : admin : SUCCESS : 2025-05-19 11:38:13"}
{"level":"error","message":"POST /contribution/create : admin : ERROR : 2025-05-19 11:39:05 - ValidationError: contributionDate: La fecha no puede ser futura"}
{"level":"info","message":"GET /beneficiary/682b69980c63ecbc022e1e3d : admin : SUCCESS : 2025-05-19 11:39:06"}
{"level":"info","message":"GET /contribution/by-beneficiary/682b69980c63ecbc022e1e3d : admin : SUCCESS : 2025-05-19 11:39:06"}
{"level":"info","message":"GET /beneficiary/682b69980c63ecbc022e1e3d/family-names : admin : SUCCESS : 2025-05-19 11:39:07"}
{"level":"info","message":"GET /categories : admin : SUCCESS : 2025-05-19 11:39:07"}
{"level":"info","message":"POST /user/signin : admin : SUCCESS : 2025-05-19 11:39:40"}
{"level":"info","message":"GET /contribution/years : admin : SUCCESS : 2025-05-19 11:39:41"}
{"level":"info","message":"GET /beneficiaries/count : admin : SUCCESS : 2025-05-19 11:39:41"}
{"level":"info","message":"GET /categories : admin : SUCCESS : 2025-05-19 11:39:42"}
{"level":"info","message":"GET /contribution/summary-by-category?categoryId=&month=undefined&year=undefined : admin : SUCCESS : 2025-05-19 11:39:45"}
{"level":"info","message":"GET /beneficiaries/by-delegations : admin : SUCCESS : 2025-05-19 11:39:46"}
{"level":"info","message":"GET /contribution/summary?month=undefined&year=undefined : admin : SUCCESS : 2025-05-19 11:39:57"}
{"level":"info","message":"GET /beneficiaries?page=1&limit=5&sort=createdAt&order=asc&search= : admin : SUCCESS : 2025-05-19 11:50:32"}
{"level":"info","message":"GET /beneficiaries?page=1&limit=15&sort=createdAt&order=asc&search= : admin : SUCCESS : 2025-05-19 11:50:41"}
{"level":"info","message":"GET /beneficiary/682b69980c63ecbc022e1e3d : admin : SUCCESS : 2025-05-19 11:50:45"}
{"level":"info","message":"GET /contribution/by-beneficiary/682b69980c63ecbc022e1e3d : admin : SUCCESS : 2025-05-19 11:50:49"}
{"level":"info","message":"GET /categories : admin : SUCCESS : 2025-05-19 11:50:49"}
{"level":"info","message":"GET /beneficiary/682b69980c63ecbc022e1e3d/family-names : admin : SUCCESS : 2025-05-19 11:50:49"}
{"level":"info","message":"POST /contribution/create : admin : SUCCESS : 2025-05-19 11:51:27"}
{"level":"info","message":"GET /beneficiary/682b69980c63ecbc022e1e3d : admin : SUCCESS : 2025-05-19 11:51:27"}
{"level":"info","message":"GET /categories : admin : SUCCESS : 2025-05-19 11:51:28"}
{"level":"info","message":"GET /beneficiary/682b69980c63ecbc022e1e3d/family-names : admin : SUCCESS : 2025-05-19 11:51:28"}
{"level":"info","message":"GET /contribution/by-beneficiary/682b69980c63ecbc022e1e3d : admin : SUCCESS : 2025-05-19 11:51:28"}
{"level":"info","message":"POST /contribution/create : admin : SUCCESS : 2025-05-19 11:52:09"}
{"level":"info","message":"GET /beneficiary/682b69980c63ecbc022e1e3d : admin : SUCCESS : 2025-05-19 11:52:09"}
{"level":"info","message":"GET /categories : admin : SUCCESS : 2025-05-19 11:52:10"}
{"level":"info","message":"GET /beneficiary/682b69980c63ecbc022e1e3d/family-names : admin : SUCCESS : 2025-05-19 11:52:10"}
{"level":"info","message":"GET /contribution/by-beneficiary/682b69980c63ecbc022e1e3d : admin : SUCCESS : 2025-05-19 11:52:11"}
{"level":"info","message":"GET /contribution/years : admin : SUCCESS : 2025-05-19 11:53:06"}
{"level":"info","message":"GET /beneficiaries/count : admin : SUCCESS : 2025-05-19 11:53:06"}
{"level":"info","message":"GET /categories : admin : SUCCESS : 2025-05-19 11:53:06"}
{"level":"info","message":"GET /contribution/summary-by-category?categoryId=&month=undefined&year=undefined : admin : SUCCESS : 2025-05-19 11:53:09"}
{"level":"info","message":"GET /contribution/summary?month=undefined&year=undefined : admin : SUCCESS : 2025-05-19 11:53:09"}
{"level":"info","message":"GET /beneficiaries/by-delegations : admin : SUCCESS : 2025-05-19 11:53:09"}
{"level":"info","message":"GET /beneficiaries?page=1&limit=5&sort=createdAt&order=asc&search= : admin : SUCCESS : 2025-05-19 11:54:56"}
{"level":"info","message":"GET /beneficiaries?page=1&limit=5&sort=createdAt&order=asc&search=GOFM800325MBSNTR09 : admin : SUCCESS : 2025-05-19 11:55:03"}
{"level":"info","message":"GET /beneficiaries?page=1&limit=5&sort=createdAt&order=asc&search= : admin : SUCCESS : 2025-05-19 11:55:06"}
{"level":"info","message":"GET /beneficiaries?page=1&limit=5&sort=createdAt&order=asc&search=gonzalez : admin : SUCCESS : 2025-05-19 11:55:09"}
{"level":"info","message":"GET /beneficiaries?page=1&limit=5&sort=createdAt&order=asc&search= : admin : SUCCESS : 2025-05-19 11:55:12"}
{"level":"info","message":"GET /beneficiaries?page=1&limit=5&sort=createdAt&order=asc&search=sanchez : admin : SUCCESS : 2025-05-19 11:55:16"}
{"level":"info","message":"GET /beneficiaries?page=1&limit=5&sort=createdAt&order=asc&search= : admin : SUCCESS : 2025-05-19 11:55:19"}
{"level":"info","message":"GET /beneficiaries?page=1&limit=5&sort=name&order=asc&search= : admin : SUCCESS : 2025-05-19 11:55:23"}
{"level":"info","message":"GET /beneficiaries?page=1&limit=5&sort=name&order=desc&search= : admin : SUCCESS : 2025-05-19 11:55:27"}
{"level":"info","message":"GET /beneficiaries?page=1&limit=5&sort=fatherSurname&order=asc&search= : admin : SUCCESS : 2025-05-19 11:55:29"}
{"level":"info","message":"GET /beneficiaries?page=1&limit=5&sort=age&order=asc&search= : admin : SUCCESS : 2025-05-19 11:55:31"}
{"level":"info","message":"GET /beneficiaries?page=1&limit=10&sort=age&order=asc&search= : admin : SUCCESS : 2025-05-19 11:55:40"}
{"level":"info","message":"GET /beneficiaries?page=1&limit=10&sort=age&order=asc&search= : admin : SUCCESS : 2025-05-19 11:55:40"}
{"level":"info","message":"GET /beneficiaries?page=1&limit=10&sort=age&order=asc&search= : admin : SUCCESS : 2025-05-19 11:56:08"}
{"level":"info","message":"GET /beneficiaries?page=1&limit=10&sort=age&order=asc&search= : admin : SUCCESS : 2025-05-19 11:56:09"}
{"level":"info","message":"GET /beneficiaries?page=1&limit=5&sort=createdAt&order=asc&search= : admin : SUCCESS : 2025-05-19 11:56:11"}
{"level":"info","message":"GET /beneficiaries?page=1&limit=10&sort=createdAt&order=asc&search= : admin : SUCCESS : 2025-05-19 11:56:29"}
{"level":"info","message":"GET /beneficiaries?page=1&limit=15&sort=createdAt&order=asc&search= : admin : SUCCESS : 2025-05-19 11:56:34"}
{"level":"info","message":"GET /beneficiaries?page=1&limit=5&sort=createdAt&order=asc&search= : admin : SUCCESS : 2025-05-19 11:56:45"}
{"level":"info","message":"GET /beneficiaries?page=2&limit=5&sort=createdAt&order=asc&search= : admin : SUCCESS : 2025-05-19 11:56:47"}
{"level":"info","message":"GET /beneficiaries?page=3&limit=5&sort=createdAt&order=asc&search= : admin : SUCCESS : 2025-05-19 11:56:49"}
{"level":"info","message":"GET /beneficiaries?page=2&limit=5&sort=createdAt&order=asc&search= : admin : SUCCESS : 2025-05-19 11:56:52"}
{"level":"info","message":"GET /beneficiaries?page=1&limit=5&sort=createdAt&order=asc&search= : admin : SUCCESS : 2025-05-19 11:56:54"}
{"level":"info","message":"GET /beneficiary/681d1f700ba2a934c8047715 : admin : SUCCESS : 2025-05-19 11:57:03"}
{"level":"info","message":"GET /beneficiaries?page=1&limit=5&sort=createdAt&order=asc&search= : admin : SUCCESS : 2025-05-19 11:57:31"}
{"level":"info","message":"GET /generate-curp : admin : SUCCESS : 2025-05-19 11:58:19"}
{"level":"info","message":"GET /beneficiary/check-curp/PROV251535HBGZFN50 : admin : SUCCESS : 2025-05-19 11:58:42"}
{"level":"info","message":"POST /beneficiaries/create : admin : SUCCESS : 2025-05-19 12:00:15"}
{"level":"info","message":"GET /beneficiaries?page=1&limit=5&sort=createdAt&order=asc&search= : admin : SUCCESS : 2025-05-19 12:00:16"}
{"level":"info","message":"GET /beneficiaries?page=1&limit=5&sort=createdAt&order=asc&search=prov : admin : SUCCESS : 2025-05-19 12:00:23"}
{"level":"info","message":"GET /beneficiary/682b71ae0c63ecbc022e1f64 : admin : SUCCESS : 2025-05-19 12:00:31"}
{"level":"info","message":"GET /beneficiary/682b71ae0c63ecbc022e1f64/family : admin : SUCCESS : 2025-05-19 12:01:33"}
{"level":"info","message":"GET /beneficiary/682b71ae0c63ecbc022e1f64/family : admin : SUCCESS : 2025-05-19 12:02:32"}
{"level":"info","message":"GET /beneficiary/682b71ae0c63ecbc022e1f64/family : admin : SUCCESS : 2025-05-19 12:03:30"}
{"level":"info","message":"GET /contribution/by-beneficiary/682b71ae0c63ecbc022e1f64 : admin : SUCCESS : 2025-05-19 12:03:46"}
{"level":"info","message":"GET /categories : admin : SUCCESS : 2025-05-19 12:03:46"}
{"level":"info","message":"GET /beneficiary/682b71ae0c63ecbc022e1f64/family-names : admin : SUCCESS : 2025-05-19 12:03:46"}
{"level":"error","message":"POST /user/signin : admin : ERROR : 2025-05-21 11:29:17 - INVALID_PASSWORD"}
{"level":"info","message":"POST /user/signin : admin : SUCCESS : 2025-05-21 11:29:26"}
{"level":"info","message":"GET /contribution/years : admin : SUCCESS : 2025-05-21 11:29:26"}
{"level":"info","message":"GET /beneficiaries/count : admin : SUCCESS : 2025-05-21 11:29:26"}
{"level":"info","message":"GET /categories : admin : SUCCESS : 2025-05-21 11:29:26"}
{"level":"info","message":"GET /contribution/summary?month=undefined&year=undefined : admin : SUCCESS : 2025-05-21 11:29:27"}
{"level":"info","message":"GET /contribution/summary-by-category?categoryId=&month=undefined&year=undefined : admin : SUCCESS : 2025-05-21 11:29:29"}
{"level":"info","message":"GET /beneficiaries/by-delegations : admin : SUCCESS : 2025-05-21 11:29:29"}
{"level":"info","message":"GET /beneficiaries/count : admin : SUCCESS : 2025-05-21 11:29:55"}
{"level":"info","message":"GET /contribution/summary?month=undefined&year=2025 : admin : SUCCESS : 2025-05-21 11:29:56"}
{"level":"info","message":"GET /contribution/summary-by-category?categoryId=&month=undefined&year=2025 : admin : SUCCESS : 2025-05-21 11:29:58"}
{"level":"info","message":"GET /beneficiaries?page=1&limit=5&sort=createdAt&order=asc&search= : admin : SUCCESS : 2025-05-21 11:30:06"}
{"level":"info","message":"GET /beneficiary/681d1f700ba2a934c8047716 : admin : SUCCESS : 2025-05-21 11:30:46"}
{"level":"info","message":"GET /beneficiary/681d1f700ba2a934c8047716/family : admin : SUCCESS : 2025-05-21 11:31:35"}
{"level":"info","message":"GET /beneficiary/681d1f700ba2a934c8047716/family-names : admin : SUCCESS : 2025-05-21 11:31:37"}
{"level":"info","message":"GET /categories : admin : SUCCESS : 2025-05-21 11:31:37"}
{"level":"info","message":"GET /contribution/by-beneficiary/681d1f700ba2a934c8047716 : admin : SUCCESS : 2025-05-21 11:31:37"}
{"level":"info","message":"GET /beneficiaries?page=1&limit=5&sort=createdAt&order=asc&search= : admin : SUCCESS : 2025-05-21 11:32:39"}
{"level":"info","message":"GET /beneficiaries?page=1&limit=5&sort=createdAt&order=asc&search= : admin : SUCCESS : 2025-05-21 11:33:24"}
{"level":"info","message":"GET /beneficiary/681d1f700ba2a934c8047716 : admin : SUCCESS : 2025-05-21 11:33:25"}
{"level":"info","message":"GET /beneficiary/681d1f700ba2a934c8047716/family-names : admin : SUCCESS : 2025-05-21 11:33:26"}
{"level":"info","message":"GET /categories : admin : SUCCESS : 2025-05-21 11:33:26"}
{"level":"info","message":"GET /contribution/by-beneficiary/681d1f700ba2a934c8047716 : admin : SUCCESS : 2025-05-21 11:33:26"}
{"level":"info","message":"GET /beneficiaries?page=1&limit=5&sort=createdAt&order=asc&search= : admin : SUCCESS : 2025-05-21 11:34:05"}
{"level":"info","message":"POST /user/signin : admin : SUCCESS : 2025-05-29 11:07:44"}
{"level":"info","message":"GET /contribution/years : admin : SUCCESS : 2025-05-29 11:07:44"}
{"level":"info","message":"GET /beneficiaries/count : admin : SUCCESS : 2025-05-29 11:07:44"}
{"level":"info","message":"GET /categories : admin : SUCCESS : 2025-05-29 11:07:44"}
{"level":"info","message":"GET /contribution/summary?month=undefined&year=undefined : admin : SUCCESS : 2025-05-29 11:07:45"}
{"level":"info","message":"GET /contribution/summary-by-category?categoryId=&month=undefined&year=undefined : admin : SUCCESS : 2025-05-29 11:07:47"}
{"level":"info","message":"GET /beneficiaries/by-delegations : admin : SUCCESS : 2025-05-29 11:07:47"}
{"level":"info","message":"GET /beneficiaries?page=1&limit=5&sort=createdAt&order=asc&search= : admin : SUCCESS : 2025-05-29 11:07:54"}
{"level":"info","message":"GET /beneficiaries?page=1&limit=10&sort=createdAt&order=asc&search= : admin : SUCCESS : 2025-05-29 11:08:07"}
